[debug] [2019-07-13T12:20:58.302Z] ----------------------------------------------------------------------
[debug] [2019-07-13T12:20:58.306Z] Command:       C:\Program Files\nodejs\node.exe C:\Users\DOT\AppData\Roaming\npm\node_modules\firebase-tools\lib\bin\firebase.js deploy --only functions
[debug] [2019-07-13T12:20:58.306Z] CLI Version:   7.1.0
[debug] [2019-07-13T12:20:58.307Z] Platform:      win32
[debug] [2019-07-13T12:20:58.307Z] Node Version:  v11.14.0
[debug] [2019-07-13T12:20:58.309Z] Time:          Sat Jul 13 2019 17:50:58 GMT+0530 (India Standard Time)
[debug] [2019-07-13T12:20:58.309Z] ----------------------------------------------------------------------
[debug] 
[debug] [2019-07-13T12:20:58.324Z] > command requires scopes: ["email","openid","https://www.googleapis.com/auth/cloudplatformprojects.readonly","https://www.googleapis.com/auth/firebase","https://www.googleapis.com/auth/cloud-platform"]
[debug] [2019-07-13T12:20:58.326Z] > authorizing via signed-in user
[debug] [2019-07-13T12:20:58.326Z] [iam] checking project mainapptest-6ecb4 for permissions ["cloudfunctions.functions.create","cloudfunctions.functions.delete","cloudfunctions.functions.get","cloudfunctions.functions.list","cloudfunctions.functions.update","cloudfunctions.operations.get","firebase.projects.get"]
[debug] [2019-07-13T12:20:58.329Z] >>> HTTP REQUEST POST https://cloudresourcemanager.googleapis.com/v1/projects/mainapptest-6ecb4:testIamPermissions  

[debug] [2019-07-13T12:21:00.590Z] <<< HTTP RESPONSE 200
[info] 
[info] === Deploying to 'mainapptest-6ecb4'...
[info] 
[info] i  deploying functions
[info] Running command: npm --prefix "$RESOURCE_DIR" run lint
[info] +  functions: Finished running predeploy script.
[debug] [2019-07-13T12:21:08.413Z] > [functions] package.json contents: {
  "name": "functions",
  "description": "Cloud Functions for Firebase",
  "scripts": {
    "lint": "eslint .",
    "serve": "firebase serve --only functions",
    "shell": "firebase functions:shell",
    "start": "npm run shell",
    "deploy": "firebase deploy --only functions",
    "logs": "firebase functions:log"
  },
  "engines": {
    "node": "8"
  },
  "dependencies": {
    "firebase-admin": "8.2.0",
    "firebase-functions": "^3.1.0"
  },
  "devDependencies": {
    "eslint": "^5.12.0",
    "eslint-plugin-promise": "^4.0.1",
    "firebase-functions-test": "^0.1.6"
  },
  "private": true
}
[info] i  functions: ensuring necessary APIs are enabled...
[debug] [2019-07-13T12:21:08.415Z] >>> HTTP REQUEST GET https://serviceusage.googleapis.com/v1/projects/mainapptest-6ecb4/services/cloudfunctions.googleapis.com  
 
[debug] [2019-07-13T12:21:08.415Z] >>> HTTP REQUEST GET https://serviceusage.googleapis.com/v1/projects/mainapptest-6ecb4/services/runtimeconfig.googleapis.com  
 
[debug] [2019-07-13T12:21:10.837Z] <<< HTTP RESPONSE 200
[debug] [2019-07-13T12:21:10.925Z] <<< HTTP RESPONSE 200
[info] +  functions: all necessary APIs are enabled
[debug] [2019-07-13T12:21:10.927Z] >>> HTTP REQUEST GET https://firebase.googleapis.com/v1beta1/projects/mainapptest-6ecb4/adminSdkConfig  
 
[debug] [2019-07-13T12:21:11.608Z] <<< HTTP RESPONSE 200
[info] i  functions: preparing functions directory for uploading...
[debug] [2019-07-13T12:21:11.612Z] >>> HTTP REQUEST GET https://runtimeconfig.googleapis.com/v1beta1/projects/mainapptest-6ecb4/configs  
 
[debug] [2019-07-13T12:21:13.216Z] <<< HTTP RESPONSE 200
[info] i  functions: packaged functions (37.54 KB) for uploading
[debug] [2019-07-13T12:21:13.658Z] >>> HTTP REQUEST POST https://cloudfunctions.googleapis.com/v1/projects/mainapptest-6ecb4/locations/us-central1/functions:generateUploadUrl  
 
[debug] [2019-07-13T12:21:14.648Z] <<< HTTP RESPONSE 200
[debug] [2019-07-13T12:21:14.648Z] >>> HTTP REQUEST PUT https://storage.googleapis.com/gcf-upload-us-central1-c55beb48-2deb-488f-8cfb-67410765b2c0/2696472b-2872-473f-9307-111199c92a32.zip?GoogleAccessId=service-1072961653196@gcf-admin-robot.iam.gserviceaccount.com&Expires=1563022274&Signature=Txxxx%2FQbCHJyKARf6N1YoDB8diqbhxOiet1mf2AI%2FVoKgIo0yv9WscwzXUdqejY3FVi4BW6G8p8ru3EFyNzewQTSptqY4QwOkX%2B1w5%2F0SiDfti0%2FjgPtXOHKnfuoEY4%2BSML%2BFtvxWefyu8qfq%2B0YO4KTx5BMhV8Z4HrcG3QPXm%2F%2FI9lNmZlXyrBdY7M7wl30PqcTqMLuyR5IHXvhmvFwSfgP8H%2FlFrghkdyoXp7XzBMSOLN7KAZusTK5EIYC%2Br0ug3oIS%2BfjkSsEAIrhBUEYC%2Fc45f5Fj8fF%2BpThH%2B8yUgDiGeeWCIfT%2Fdt7ztd3JdlH6%2Bwmz0UK7pGk3VNU84%2BcqA%3D%3D  
 <request body omitted>
[debug] [2019-07-13T12:21:15.619Z] <<< HTTP RESPONSE 200
[info] +  functions: functions folder uploaded successfully
[debug] [2019-07-13T12:21:15.623Z] >>> HTTP REQUEST GET https://cloudfunctions.googleapis.com/v1/projects/mainapptest-6ecb4/locations/-/functions  
 
[debug] [2019-07-13T12:21:16.658Z] <<< HTTP RESPONSE 200
[info] i  functions: creating Node.js 8 function useWildcard(us-central1)...
[debug] [2019-07-13T12:21:16.662Z] Trigger is:  {"eventTrigger":{"resource":"projects/mainapptest-6ecb4/databases/(default)/documents/users/{userId}","eventType":"providers/cloud.firestore/eventTypes/document.write","service":"firestore.googleapis.com"}}
[info] 
The following functions are found in your project but do not exist in your local source code:
	myFunctionName(us-central1)

If you are renaming a function or changing its region, it is recommended that you create the new function first before deleting the old one to prevent event loss. For more info, visit https://firebase.google.com/docs/functions/manage-functions#modify

[info] i  functions: deleting function myFunctionName(us-central1)...
[debug] [2019-07-13T12:21:25.457Z] >>> HTTP REQUEST GET https://serviceusage.googleapis.com/v1/projects/mainapptest-6ecb4/services/cloudscheduler.googleapis.com  
 
[debug] [2019-07-13T12:21:27.787Z] <<< HTTP RESPONSE 200
[debug] [2019-07-13T12:21:27.789Z] >>> HTTP REQUEST POST https://cloudfunctions.googleapis.com/v1/projects/mainapptest-6ecb4/locations/us-central1/functions  

[debug] [2019-07-13T12:21:27.790Z] >>> HTTP REQUEST DELETE https://cloudfunctions.googleapis.com/v1/projects/mainapptest-6ecb4/locations/us-central1/functions/myFunctionName  
 
[debug] [2019-07-13T12:21:28.425Z] <<< HTTP RESPONSE 404
[debug] [2019-07-13T12:21:28.425Z] <<< HTTP RESPONSE BODY
[warn] !  functions: failed to delete function myFunctionName
[info] HTTP Error: 404, Function myFunctionName in region us-central1 in project mainapptest-6ecb4 does not exist
[debug] [2019-07-13T12:21:28.994Z] <<< HTTP RESPONSE 200
[debug] [2019-07-13T12:21:28.996Z] >>> HTTP REQUEST GET https://cloudfunctions.googleapis.com/v1/operations/bWFpbmFwcHRlc3QtNmVjYjQvdXMtY2VudHJhbDEvdXNlV2lsZGNhcmQvQUFCUmgyaUNEQzA  
 
[debug] [2019-07-13T12:21:30.026Z] <<< HTTP RESPONSE 200
[debug] [2019-07-13T12:21:32.029Z] >>> HTTP REQUEST GET https://cloudfunctions.googleapis.com/v1/operations/bWFpbmFwcHRlc3QtNmVjYjQvdXMtY2VudHJhbDEvdXNlV2lsZGNhcmQvQUFCUmgyaUNEQzA  
 
[debug] [2019-07-13T12:21:32.908Z] <<< HTTP RESPONSE 200
[debug] [2019-07-13T12:21:34.910Z] >>> HTTP REQUEST GET https://cloudfunctions.googleapis.com/v1/operations/bWFpbmFwcHRlc3QtNmVjYjQvdXMtY2VudHJhbDEvdXNlV2lsZGNhcmQvQUFCUmgyaUNEQzA  
 
[debug] [2019-07-13T12:21:35.466Z] <<< HTTP RESPONSE 200
[debug] [2019-07-13T12:21:37.467Z] >>> HTTP REQUEST GET https://cloudfunctions.googleapis.com/v1/operations/bWFpbmFwcHRlc3QtNmVjYjQvdXMtY2VudHJhbDEvdXNlV2lsZGNhcmQvQUFCUmgyaUNEQzA  
 
[debug] [2019-07-13T12:21:38.267Z] <<< HTTP RESPONSE 200
